app/build/intermediates/manifest_merge_blame_file/release/manifest-merger-blame-release-report.txt
1<?xml version="1.0" encoding="utf-8"?>
2<manifest xmlns:android="http://schemas.android.com/apk/res/android"
3    package="com.dewadode.sewafutsal"
4    android:versionCode="1"
5    android:versionName="1.0" >
6
7    <uses-sdk
8        android:minSdkVersion="21"
8-->src\main\AndroidManifest.xml
9        android:targetSdkVersion="29" />
9-->src\main\AndroidManifest.xml
10
11    <application
11-->src\main\AndroidManifest.xml:6:5-26:19
12        android:allowBackup="true"
12-->src\main\AndroidManifest.xml:7:9-35
13        android:icon="@mipmap/ic_launcher"
13-->src\main\AndroidManifest.xml:8:9-43
14        android:label="@string/app_name"
14-->src\main\AndroidManifest.xml:9:9-41
15        android:roundIcon="@mipmap/ic_launcher_round"
15-->src\main\AndroidManifest.xml:10:9-54
16        android:supportsRtl="true"
16-->src\main\AndroidManifest.xml:11:9-35
17        android:theme="@style/AppTheme" >
17-->src\main\AndroidManifest.xml:13:9-40
18        <activity android:name="com.dewadode.sewafutsal.activity.MainActivity" >
18-->src\main\AndroidManifest.xml:14:9-20:20
18-->src\main\AndroidManifest.xml:14:19-56
19            <intent-filter>
19-->src\main\AndroidManifest.xml:15:13-19:29
20                <action android:name="android.intent.action.MAIN" />
20-->src\main\AndroidManifest.xml:16:17-69
20-->src\main\AndroidManifest.xml:16:25-66
21
22                <category android:name="android.intent.category.LAUNCHER" />
22-->src\main\AndroidManifest.xml:18:17-77
22-->src\main\AndroidManifest.xml:18:27-74
23            </intent-filter>
24        </activity>
25        <activity android:name="com.dewadode.sewafutsal.activity.DaftarLapanganActivity" />
25-->src\main\AndroidManifest.xml:21:9-69
25-->src\main\AndroidManifest.xml:21:19-66
26        <activity android:name="com.dewadode.sewafutsal.activity.PenyewaActivity" />
26-->src\main\AndroidManifest.xml:22:9-62
26-->src\main\AndroidManifest.xml:22:19-59
27        <activity android:name="com.dewadode.sewafutsal.activity.SewaLapanganActivity" />
27-->src\main\AndroidManifest.xml:23:9-67
27-->src\main\AndroidManifest.xml:23:19-64
28        <activity android:name="com.dewadode.sewafutsal.activity.DetailLapanganActivity" />
28-->src\main\AndroidManifest.xml:24:9-69
28-->src\main\AndroidManifest.xml:24:19-66
29        <activity android:name="com.dewadode.sewafutsal.activity.DetailPenyewaActivity" />
29-->src\main\AndroidManifest.xml:25:9-68
29-->src\main\AndroidManifest.xml:25:19-65
30    </application>
31
32</manifest>